[debug] [2021-07-19T17:55:45.128Z] ----------------------------------------------------------------------
[debug] [2021-07-19T17:55:45.132Z] Command:       C:\Program Files\nodejs\node.exe C:\Users\Dumidu Kasun\AppData\Roaming\npm\node_modules\firebase-tools\lib\bin\firebase.js init
[debug] [2021-07-19T17:55:45.132Z] CLI Version:   9.11.0
[debug] [2021-07-19T17:55:45.133Z] Platform:      win32
[debug] [2021-07-19T17:55:45.133Z] Node Version:  v12.18.3
[debug] [2021-07-19T17:55:45.134Z] Time:          Mon Jul 19 2021 23:25:45 GMT+0530 (India Standard Time)
[debug] [2021-07-19T17:55:45.134Z] ----------------------------------------------------------------------
[debug] 
[debug] [2021-07-19T17:55:45.146Z] > command requires scopes: ["email","openid","https://www.googleapis.com/auth/cloudplatformprojects.readonly","https://www.googleapis.com/auth/firebase","https://www.googleapis.com/auth/cloud-platform"]
[debug] [2021-07-19T17:55:45.146Z] > authorizing via signed-in user (dumiduraj@gmail.com)
[info] 
     ######## #### ########  ######## ########     ###     ######  ########
     ##        ##  ##     ## ##       ##     ##  ##   ##  ##       ##
     ######    ##  ########  ######   ########  #########  ######  ######
     ##        ##  ##    ##  ##       ##     ## ##     ##       ## ##
     ##       #### ##     ## ######## ########  ##     ##  ######  ########

You're about to initialize a Firebase project in this directory:

  D:\porfolio\portfolio

Before we get started, keep in mind:

  * You are initializing in an existing Firebase project directory

